9.9549 	WARNING 	Couldn't measure a consistent frame rate.
  - Is your graphics card set to sync to vertical blank?
  - Are you running other processes on your computer?

9.9557 	EXP 	Created window1 = Window(allowGUI=True, allowStencil=False, autoLog=True, backendConf=UNKNOWN, bitsMode=UNKNOWN, blendMode='avg', bpc=(8, 8, 8), color=array([-1., -1., -1.]), colorSpace='rgb', depthBits=8, fullscr=<method-wrapper '__getattribute__' of attributeSetter object at 0x000001FCB4274B38>, gamma=None, gammaErrorPolicy='raise', lms=UNKNOWN, monitor=<psychopy.monitors.calibTools.Monitor object at 0x000001FCB41DA2E8>, multiSample=False, name='window1', numSamples=2, pos=[0.0, 0.0], screen=0, size=array([1920, 1080]), stencilBits=0, stereo=False, units='height', useFBO=True, useRetina=False, viewOri=0.0, viewPos=None, viewScale=None, waitBlanking=True, winType='pyglet')
9.9558 	EXP 	window1: mouseVisible = True
9.9559 	EXP 	window1: recordFrameIntervals = False
10.1205 	EXP 	window1: recordFrameIntervals = True
11.1868 	EXP 	window1: recordFrameIntervals = True
11.5057 	EXP 	Created Welcome_text = TextStim(__class__=<class 'psychopy.visual.text.TextStim'>, alignHoriz=method-wrapper(...), alignText='center', alignVert=method-wrapper(...), anchorHoriz='center', anchorVert='center', antialias=True, autoLog=True, bold=False, color=array([1., 1., 1.]), colorSpace='rgb', contrast=1.0, depth=-1.0, flipHoriz=False, flipVert=False, font='Open Sans', fontFiles=[], height=0.5, italic=False, languageStyle='LTR', name='Welcome_text', opacity=1, ori=0.0, pos=array([0.5, 0.5]), rgb=UNKNOWN, text='', units='height', win=Window(...), wrapWidth=1)
11.5092 	EXP 	Created polygon = ShapeStim(__class__=<class 'psychopy.visual.shape.ShapeStim'>, autoDraw=False, autoLog=True, closeShape=True, color=method-wrapper(...), colorSpace='rgb', contrast=None, depth=0.0, fillColor=array([1, 1, 1]), fillColorSpace='rgb', fillRGB=array([1, 1, 1]), interpolate=True, lineColor=array([1., 1., 1.]), lineColorSpace='rgb', lineRGB=array([1, 1, 1]), lineWidth=1.0, name='polygon', opacity=1.0, ori=0.0, pos=array([0., 0.]), size=array([0.25, 0.25]), units='height', vertices=ndarray(...), win=Window(...), windingRule=None)
11.5307 	EXP 	Created No_background_image = ImageStim(__class__=<class 'psychopy.visual.image.ImageStim'>, autoLog=True, color=array([1., 1., 1.]), colorSpace='rgb', contrast=1.0, depth=0.0, flipHoriz=False, flipVert=False, image='sin', interpolate=True, mask=None, maskParams=None, name='No_background_image', opacity=1, ori=0.0, pos=array([0., 0.]), size=array([0.8 , 0.45]), texRes=128.0, units='height', win=Window(...))
11.5308 	EXP 	window1: mouseVisible = True
11.6132 	EXP 	Created goodbye = TextStim(__class__=<class 'psychopy.visual.text.TextStim'>, alignHoriz=method-wrapper(...), alignText='center', alignVert=method-wrapper(...), anchorHoriz='center', anchorVert='center', antialias=True, autoLog=True, bold=False, color=array([-1., -1., -1.]), colorSpace='rgb', contrast=1.0, depth=0.0, flipHoriz=False, flipVert=False, font='Open Sans', fontFiles=[], height=0.1, italic=False, languageStyle='LTR', name='goodbye', opacity=1, ori=0.0, pos=array([0., 0.]), rgb=UNKNOWN, text=str(...), units='height', win=Window(...), wrapWidth=1)
12.1314 	WARNING 	t of last frame was 944.95ms (=1/1)
12.1314 	EXP 	Welcome_text: text = 'Welcome!\n\nIn this experiment, you will be presented with some videos.\n\nPlease use the mouse and click on the screen, to indicate where it was the last time that the object appear. \n\nIf you have any questions consult the experimenter.\n\nOnce you have understood this, press SPACEBAR to begin.'
12.1314 	EXP 	Welcome_text: autoDraw = True
12.1694 	WARNING 	t of last frame was 21.93ms (=1/45)
12.8302 	WARNING 	t of last frame was 26.78ms (=1/37)
12.8528 	WARNING 	t of last frame was 22.61ms (=1/44)
13.1798 	WARNING 	Multiple dropped frames have occurred - I'll stop bothering you about them!
13.7577 	DATA 	Keypress: escape
13.9930 	EXP 	window1: mouseVisible = True
